0 info it worked if it ends with ok
1 verbose cli [ '/usr/local/bin/node', '/usr/local/bin/npm', 'start' ]
2 info using npm@4.1.2
3 info using node@v7.6.0
4 verbose config Skipping project config: /Users/Nicole_Zhou/.npmrc. (matches userconfig)
5 verbose stack Error: ENOENT: no such file or directory, open '/Users/Nicole_Zhou/package.json'
6 verbose cwd /Users/Nicole_Zhou/Desktop/USTSV_react/React_practice_work/React_basics
7 error Darwin 17.7.0
8 error argv "/usr/local/bin/node" "/usr/local/bin/npm" "start"
9 error node v7.6.0
10 error npm  v4.1.2
11 error path /Users/Nicole_Zhou/package.json
12 error code ENOENT
13 error errno -2
14 error syscall open
15 error enoent ENOENT: no such file or directory, open '/Users/Nicole_Zhou/package.json'
16 error enoent ENOENT: no such file or directory, open '/Users/Nicole_Zhou/package.json'
16 error enoent This is most likely not a problem with npm itself
16 error enoent and is related to npm not being able to find a file.
17 verbose exit [ -2, true ]
